2025-07-10 14:40:09 - feat: implement model evaluation metrics
2025-07-10 20:58:09 - fix: resolve dependency conflicts
2025-07-14 09:26:09 - feat: implement core logic
2025-07-14 09:10:09 - feat: integrate logging and error handling
2025-07-14 13:53:09 - docs: document API endpoints
2025-07-21 15:28:09 - feat: integrate logging and error handling
2025-07-21 14:46:09 - test: add unit tests for model validation
2025-07-22 16:31:09 - docs: document API endpoints
2025-07-22 10:22:09 - refactor: optimize data loading performance
2025-07-22 16:02:09 - feat: integrate logging and error handling
2025-07-22 16:07:09 - feat: add data visualization layer
2025-07-26 20:20:09 - chore: update requirements.txt
2025-08-05 15:33:09 - test: add unit tests for model validation
2025-08-05 14:40:09 - feat: implement model evaluation metrics
2025-08-05 18:19:09 - docs: document API endpoints
2025-08-05 19:19:09 - feat: add data visualization layer
2025-08-06 21:40:09 - chore: update requirements.txt
2025-08-06 13:06:09 - chore: update requirements.txt
2025-08-06 21:50:09 - feat: implement model evaluation metrics
2025-08-06 17:44:09 - docs: document API endpoints
2025-08-07 15:34:09 - feat: implement model evaluation metrics
2025-08-07 22:11:09 - feat: integrate logging and error handling
2025-08-12 14:01:09 - feat: add data visualization layer
2025-08-12 19:07:09 - refactor: optimize data loading performance
2025-08-14 18:47:09 - docs: add comprehensive README
2025-08-14 17:59:09 - docs: add comprehensive README
2025-08-14 18:04:09 - feat: implement core logic
2025-08-14 20:59:09 - feat: implement core logic
2025-08-14 08:21:09 - docs: add comprehensive README
2025-08-23 21:10:09 - feat: integrate logging and error handling
2025-08-23 10:53:09 - chore: update requirements.txt
2025-08-23 21:29:09 - feat: integrate logging and error handling
